<?xml version="1.0" encoding="UTF-8"?>
<!-- Generated by org.testng.reporters.JUnitReportReporter -->
<testsuite hostname="SANGBUI" name="b" tests="1" failures="0" timestamp="6 Mar 2016 09:31:58 GMT" time="1.754" errors="0">
  <testcase name="testB" time="1.754" classname="b"/>
</testsuite> <!-- b -->
